[0128/105831.673:ERROR:audio_rtp_receiver.cc(88)] AudioRtpReceiver::OnSetVolume: No audio channel exists.
[0128/105831.682:WARNING:used_ids.h(55)] Duplicate id found. Reassigning from 104 to 127
[0128/105831.683:WARNING:used_ids.h(55)] Duplicate id found. Reassigning from 102 to 125
[0128/105831.683:WARNING:used_ids.h(55)] Duplicate id found. Reassigning from 104 to 124
[0128/105831.683:WARNING:used_ids.h(55)] Duplicate id found. Reassigning from 106 to 123
[0128/105831.683:WARNING:used_ids.h(55)] Duplicate id found. Reassigning from 110 to 122
[0128/105831.689:WARNING:used_ids.h(55)] Duplicate id found. Reassigning from 103 to 121
[0128/105831.689:WARNING:used_ids.h(55)] Duplicate id found. Reassigning from 105 to 120
[0128/105831.689:WARNING:used_ids.h(55)] Duplicate id found. Reassigning from 111 to 119
[0128/105831.692:WARNING:used_ids.h(55)] Duplicate id found. Reassigning from 1 to 14
[0128/105831.692:WARNING:used_ids.h(55)] Duplicate id found. Reassigning from 3 to 13
[0128/105831.692:WARNING:used_ids.h(55)] Duplicate id found. Reassigning from 5 to 12
[0128/105831.692:WARNING:used_ids.h(55)] Duplicate id found. Reassigning from 6 to 11
[0128/105844.804:ERROR:audio_rtp_receiver.cc(88)] AudioRtpReceiver::OnSetVolume: No audio channel exists.
[0128/105844.804:WARNING:used_ids.h(55)] Duplicate id found. Reassigning from 104 to 127
[0128/105844.804:WARNING:used_ids.h(55)] Duplicate id found. Reassigning from 102 to 125
[0128/105844.804:WARNING:used_ids.h(55)] Duplicate id found. Reassigning from 104 to 124
[0128/105844.804:WARNING:used_ids.h(55)] Duplicate id found. Reassigning from 106 to 123
[0128/105844.804:WARNING:used_ids.h(55)] Duplicate id found. Reassigning from 110 to 122
[0128/105844.804:WARNING:used_ids.h(55)] Duplicate id found. Reassigning from 103 to 121
[0128/105844.804:WARNING:used_ids.h(55)] Duplicate id found. Reassigning from 105 to 120
[0128/105844.804:WARNING:used_ids.h(55)] Duplicate id found. Reassigning from 111 to 119
[0128/105844.804:WARNING:used_ids.h(55)] Duplicate id found. Reassigning from 1 to 14
[0128/105844.804:WARNING:used_ids.h(55)] Duplicate id found. Reassigning from 3 to 13
[0128/105844.804:WARNING:used_ids.h(55)] Duplicate id found. Reassigning from 5 to 12
[0128/105844.804:WARNING:used_ids.h(55)] Duplicate id found. Reassigning from 6 to 11
[0128/105945.192:WARNING:spdy_session.cc(3165)] Received RST for invalid stream37
[0128/105952.400:ERROR:gpu_init.cc(426)] Passthrough is not supported, GL is disabled
[0128/110017.509:ERROR:audio_rtp_receiver.cc(88)] AudioRtpReceiver::OnSetVolume: No audio channel exists.
[0128/110017.509:WARNING:used_ids.h(55)] Duplicate id found. Reassigning from 104 to 127
[0128/110017.509:WARNING:used_ids.h(55)] Duplicate id found. Reassigning from 102 to 125
[0128/110017.509:WARNING:used_ids.h(55)] Duplicate id found. Reassigning from 104 to 124
[0128/110017.509:WARNING:used_ids.h(55)] Duplicate id found. Reassigning from 106 to 123
[0128/110017.509:WARNING:used_ids.h(55)] Duplicate id found. Reassigning from 110 to 122
[0128/110017.509:WARNING:used_ids.h(55)] Duplicate id found. Reassigning from 103 to 121
[0128/110017.509:WARNING:used_ids.h(55)] Duplicate id found. Reassigning from 105 to 120
[0128/110017.509:WARNING:used_ids.h(55)] Duplicate id found. Reassigning from 111 to 119
[0128/110017.509:WARNING:used_ids.h(55)] Duplicate id found. Reassigning from 1 to 14
[0128/110017.509:WARNING:used_ids.h(55)] Duplicate id found. Reassigning from 3 to 13
[0128/110017.509:WARNING:used_ids.h(55)] Duplicate id found. Reassigning from 5 to 12
[0128/110017.509:WARNING:used_ids.h(55)] Duplicate id found. Reassigning from 6 to 11
[0128/110037.275:WARNING:spdy_session.cc(3431)] Received HEADERS for invalid stream 15
[0128/110037.275:WARNING:spdy_session.cc(3431)] Received HEADERS for invalid stream 21
[0128/110057.998:WARNING:used_ids.h(55)] Duplicate id found. Reassigning from 104 to 127
[0128/110057.998:WARNING:used_ids.h(55)] Duplicate id found. Reassigning from 102 to 125
[0128/110057.998:WARNING:used_ids.h(55)] Duplicate id found. Reassigning from 104 to 124
[0128/110057.998:WARNING:used_ids.h(55)] Duplicate id found. Reassigning from 106 to 123
[0128/110057.998:WARNING:used_ids.h(55)] Duplicate id found. Reassigning from 110 to 122
[0128/110057.998:WARNING:used_ids.h(55)] Duplicate id found. Reassigning from 103 to 121
[0128/110057.998:WARNING:used_ids.h(55)] Duplicate id found. Reassigning from 105 to 120
[0128/110057.998:WARNING:used_ids.h(55)] Duplicate id found. Reassigning from 111 to 119
[0128/110057.998:WARNING:used_ids.h(55)] Duplicate id found. Reassigning from 1 to 14
[0128/110057.998:WARNING:used_ids.h(55)] Duplicate id found. Reassigning from 3 to 13
[0128/110057.998:WARNING:used_ids.h(55)] Duplicate id found. Reassigning from 5 to 12
[0128/110057.998:WARNING:used_ids.h(55)] Duplicate id found. Reassigning from 6 to 11
[0128/110057.999:ERROR:audio_rtp_receiver.cc(88)] AudioRtpReceiver::OnSetVolume: No audio channel exists.
[0128/110119.385:ERROR:audio_rtp_receiver.cc(88)] AudioRtpReceiver::OnSetVolume: No audio channel exists.
[0128/110119.385:WARNING:used_ids.h(55)] Duplicate id found. Reassigning from 104 to 127
[0128/110119.385:WARNING:used_ids.h(55)] Duplicate id found. Reassigning from 102 to 125
[0128/110119.385:WARNING:used_ids.h(55)] Duplicate id found. Reassigning from 104 to 124
[0128/110119.385:WARNING:used_ids.h(55)] Duplicate id found. Reassigning from 106 to 123
[0128/110119.385:WARNING:used_ids.h(55)] Duplicate id found. Reassigning from 110 to 122
[0128/110119.385:WARNING:used_ids.h(55)] Duplicate id found. Reassigning from 103 to 121
[0128/110119.385:WARNING:used_ids.h(55)] Duplicate id found. Reassigning from 105 to 120
[0128/110119.385:WARNING:used_ids.h(55)] Duplicate id found. Reassigning from 111 to 119
[0128/110119.385:WARNING:used_ids.h(55)] Duplicate id found. Reassigning from 1 to 14
[0128/110119.385:WARNING:used_ids.h(55)] Duplicate id found. Reassigning from 3 to 13
[0128/110119.385:WARNING:used_ids.h(55)] Duplicate id found. Reassigning from 5 to 12
[0128/110119.385:WARNING:used_ids.h(55)] Duplicate id found. Reassigning from 6 to 11
[0128/110326.642:WARNING:angle_platform_impl.cc(48)] Debug.cpp:180 (insertMessage): GL error: HIGH: Internal D3D11 error: HRESULT: 0x8007000E: Error allocating Texture2D
[0128/110326.642:ERROR:shared_context_state.cc(806)] SharedContextState lost due to GL_OUT_OF_MEMORY
[0128/110326.643:ERROR:gpu_service_impl.cc(1187)] Exiting GPU process because some drivers can't recover from errors. GPU process will restart shortly.
[0128/110326.695:WARNING:gpu_process_host.cc(1296)] The GPU process has crashed 1 time(s)
[0128/110326.925:WARNING:gpu_process_host.cc(1016)] Reinitialized the GPU process after a crash. The reported initialization time was 166 ms
[0128/110328.149:ERROR:command_buffer_proxy_impl.cc(121)] ContextResult::kTransientFailure: Failed to send GpuChannelMsg_CreateCommandBuffer.
[0128/110328.149:WARNING:ipc_message_attachment_set.cc(49)] MessageAttachmentSet destroyed with unconsumed attachments: 0/1
[0128/110333.379:WARNING:used_ids.h(55)] Duplicate id found. Reassigning from 104 to 127
[0128/110333.379:WARNING:used_ids.h(55)] Duplicate id found. Reassigning from 102 to 125
[0128/110333.379:WARNING:used_ids.h(55)] Duplicate id found. Reassigning from 104 to 124
[0128/110333.379:WARNING:used_ids.h(55)] Duplicate id found. Reassigning from 106 to 123
[0128/110333.380:WARNING:used_ids.h(55)] Duplicate id found. Reassigning from 110 to 122
[0128/110333.380:WARNING:used_ids.h(55)] Duplicate id found. Reassigning from 103 to 121
[0128/110333.380:WARNING:used_ids.h(55)] Duplicate id found. Reassigning from 105 to 120
[0128/110333.380:WARNING:used_ids.h(55)] Duplicate id found. Reassigning from 111 to 119
[0128/110333.380:WARNING:used_ids.h(55)] Duplicate id found. Reassigning from 1 to 14
[0128/110333.380:WARNING:used_ids.h(55)] Duplicate id found. Reassigning from 3 to 13
[0128/110333.380:WARNING:used_ids.h(55)] Duplicate id found. Reassigning from 5 to 12
[0128/110333.380:WARNING:used_ids.h(55)] Duplicate id found. Reassigning from 6 to 11
[0128/110333.380:ERROR:audio_rtp_receiver.cc(88)] AudioRtpReceiver::OnSetVolume: No audio channel exists.
[0128/110346.943:ERROR:audio_rtp_receiver.cc(88)] AudioRtpReceiver::OnSetVolume: No audio channel exists.
[0128/110346.943:WARNING:used_ids.h(55)] Duplicate id found. Reassigning from 104 to 127
[0128/110346.943:WARNING:used_ids.h(55)] Duplicate id found. Reassigning from 102 to 125
[0128/110346.943:WARNING:used_ids.h(55)] Duplicate id found. Reassigning from 104 to 124
[0128/110346.943:WARNING:used_ids.h(55)] Duplicate id found. Reassigning from 106 to 123
[0128/110346.943:WARNING:used_ids.h(55)] Duplicate id found. Reassigning from 110 to 122
[0128/110346.943:WARNING:used_ids.h(55)] Duplicate id found. Reassigning from 103 to 121
[0128/110346.943:WARNING:used_ids.h(55)] Duplicate id found. Reassigning from 105 to 120
[0128/110346.943:WARNING:used_ids.h(55)] Duplicate id found. Reassigning from 111 to 119
[0128/110346.943:WARNING:used_ids.h(55)] Duplicate id found. Reassigning from 1 to 14
[0128/110346.943:WARNING:used_ids.h(55)] Duplicate id found. Reassigning from 3 to 13
[0128/110346.943:WARNING:used_ids.h(55)] Duplicate id found. Reassigning from 5 to 12
[0128/110346.943:WARNING:used_ids.h(55)] Duplicate id found. Reassigning from 6 to 11
[0128/110354.248:ERROR:audio_rtp_receiver.cc(88)] AudioRtpReceiver::OnSetVolume: No audio channel exists.
[0128/110354.248:WARNING:used_ids.h(55)] Duplicate id found. Reassigning from 104 to 127
[0128/110354.248:WARNING:used_ids.h(55)] Duplicate id found. Reassigning from 102 to 125
[0128/110354.248:WARNING:used_ids.h(55)] Duplicate id found. Reassigning from 104 to 124
[0128/110354.248:WARNING:used_ids.h(55)] Duplicate id found. Reassigning from 106 to 123
[0128/110354.248:WARNING:used_ids.h(55)] Duplicate id found. Reassigning from 110 to 122
[0128/110354.248:WARNING:used_ids.h(55)] Duplicate id found. Reassigning from 103 to 121
[0128/110354.248:WARNING:used_ids.h(55)] Duplicate id found. Reassigning from 105 to 120
[0128/110354.248:WARNING:used_ids.h(55)] Duplicate id found. Reassigning from 111 to 119
[0128/110354.248:WARNING:used_ids.h(55)] Duplicate id found. Reassigning from 1 to 14
[0128/110354.248:WARNING:used_ids.h(55)] Duplicate id found. Reassigning from 3 to 13
[0128/110354.249:WARNING:used_ids.h(55)] Duplicate id found. Reassigning from 5 to 12
[0128/110354.249:WARNING:used_ids.h(55)] Duplicate id found. Reassigning from 6 to 11
[0128/110406.913:WARNING:angle_platform_impl.cc(48)] Debug.cpp:180 (insertMessage): GL error: HIGH: Internal error: 0x00000505: Failed to allocate host memory
[0128/110406.914:ERROR:shared_context_state.cc(790)] SharedContextState context lost via Skia OOM.
[0128/110406.914:ERROR:gpu_service_impl.cc(1187)] Exiting GPU process because some drivers can't recover from errors. GPU process will restart shortly.
[0128/110406.962:WARNING:gpu_process_host.cc(1296)] The GPU process has crashed 2 time(s)
[0128/110406.963:WARNING:ipc_message_attachment_set.cc(49)] MessageAttachmentSet destroyed with unconsumed attachments: 0/1
[0128/110406.963:ERROR:command_buffer_proxy_impl.cc(121)] ContextResult::kTransientFailure: Failed to send GpuChannelMsg_CreateCommandBuffer.
[0128/110407.184:WARNING:gpu_process_host.cc(1016)] Reinitialized the GPU process after a crash. The reported initialization time was 168 ms
[0128/110409.625:WARNING:angle_platform_impl.cc(48)] HLSLCompiler.cpp:257 (compileToBinary): 
error X8000: D3D11 Internal Compiler Error: Invalid Bytecode: Failed to parse shader using reference shader parser: 0x8007000e

[0128/110409.656:WARNING:angle_platform_impl.cc(48)] Debug.cpp:180 (insertMessage): GL error: HIGH: Internal D3D11 error: HRESULT: 0x8007000E: Error allocating Texture2D
[0128/110409.656:ERROR:shared_context_state.cc(806)] SharedContextState lost due to GL_OUT_OF_MEMORY
[0128/110409.657:ERROR:gpu_service_impl.cc(1187)] Exiting GPU process because some drivers can't recover from errors. GPU process will restart shortly.
[0128/110409.690:WARNING:gpu_process_host.cc(1296)] The GPU process has crashed 3 time(s)
[0128/110409.690:ERROR:command_buffer_proxy_impl.cc(121)] ContextResult::kTransientFailure: Failed to send GpuChannelMsg_CreateCommandBuffer.
[0128/110409.807:ERROR:viz_main_impl.cc(150)] Exiting GPU process due to errors during initialization
[0128/110409.810:ERROR:browser_gpu_channel_host_factory.cc(154)] Failed to launch GPU process.
[0128/110607.619:WARNING:spdy_session.cc(3431)] Received HEADERS for invalid stream 129
[0128/111002.257:ERROR:gpu_init.cc(426)] Passthrough is not supported, GL is disabled
